-------------------------------------------------------------------------------
Test set: AWSTest
-------------------------------------------------------------------------------
Tests run: 9, Failures: 1, Errors: 0, Skipped: 0, Time elapsed: 0.063 s <<< FAILURE! - in AWSTest
testRemoveBiggerThan  Time elapsed: 0.016 s  <<< FAILURE!
org.opentest4j.AssertionFailedError: expected: <6> but was: <-2147483648>
	at AWSTest.testRemoveBiggerThan(AWSTest.java:163)

