<?xml version="1.0" encoding="UTF-8"?>
<testsuite xmlns:xsi="http://www.w3.org/2001/XMLSchema-instance" xsi:noNamespaceSchemaLocation="https://maven.apache.org/surefire/maven-surefire-plugin/xsd/surefire-test-report.xsd" name="AWSTest" time="0.047" tests="9" errors="0" skipped="0" failures="0">
  <properties>
[...]
</properties>
  <testcase name="testFillAndExpandWithNegative" classname="AWSTest" time="0.032"/>
  <testcase name="testAWS" classname="AWSTest" time="0"/>
  <testcase name="testSumToPlace" classname="AWSTest" time="0"/>
  <testcase name="testRemoveAgain" classname="AWSTest" time="0"/>
  <testcase name="testFillAndExpand" classname="AWSTest" time="0"/>
  <testcase name="testRemoveBiggerThan" classname="AWSTest" time="0"/>
  <testcase name="testSetValues" classname="AWSTest" time="0"/>
  <testcase name="testGetValues" classname="AWSTest" time="0"/>
  <testcase name="testRemove" classname="AWSTest" time="0"/>
</testsuite>